<?xml version="1.0" encoding="UTF-8"?>
<testsuite name="HelloWorldTest" tests="1" skipped="0" failures="0" errors="0" timestamp="2025-01-26T19:06:58" hostname="NAHSEV" time="0.034">
  <properties/>
  <testcase name="helloWorldTest" classname="HelloWorldTest" time="0.034"/>
  <system-out><![CDATA[]]></system-out>
  <system-err><![CDATA[]]></system-err>
</testsuite>
